At 20:54, the player "Isgalamido" died because the environment killed him.
At 21:07, the player "Isgalamido" died because the environment killed him.
At 22:06, the player "Isgalamido" killed the player "Mocinha" using Rocket Splash
At 22:18, the player "Isgalamido" killed the player "Isgalamido" using Rocket Splash
At 23:06, the player "Isgalamido" died because the environment killed him.
At 22:40, the player "Isgalamido" killed the player "Isgalamido" using Rocket Splash
At 25:18, the player "Isgalamido" died because the environment killed him.
At 25:41, the player "Isgalamido" died because he was wounded and fell from a height enough to kill him.
At 25:05, the player "Isgalamido" died because the environment killed him.
At 21:42, the player "Isgalamido" died because the environment killed him.
At 25:52, the player "Isgalamido" died because the environment killed him.
At 1:26, the player "Zeh" died because the environment killed him.
At 1:08, the player "Isgalamido" killed the player "Mocinha" using Rocket
At 2:00, the player "Isgalamido" died because the environment killed him.
At 1:41, the player "Dono da Bola" died because he was wounded and fell from a height enough to kill him.
At 2:04, the player "Dono da Bola" died because he was wounded and fell from a height enough to kill him.
At 1:32, the player "Zeh" died because the environment killed him.
At 2:04, the player "Isgalamido" died because he was wounded and fell from a height enough to kill him.
At 2:22, the player "Isgalamido" killed the player "Dono da Bola" using Railgun
At 2:11, the player "Dono da Bola" killed the player "Zeh" using Rocket
At 2:37, the player "Isgalamido" killed the player "Dono da Bola" using Railgun
At 2:43, the player "Isgalamido" killed the player "Zeh" using Railgun
At 2:57, the player "Isgalamido" killed the player "Zeh" using Railgun
At 3:12, the player "Dono da Bola" killed the player "Zeh" using Rocket
At 3:13, the player "Isgalamido" killed the player "Dono da Bola" using Rocket
At 2:29, the player "Isgalamido" killed the player "Zeh" using Railgun
At 3:27, the player "Isgalamido" died because the environment killed him.
At 3:29, the player "Zeh" killed the player "Dono da Bola" using Rocket
At 3:37, the player "Isgalamido" killed the player "Zeh" using Rocket Splash
At 3:41, the player "Dono da Bola" killed the player "Isgalamido" using Rocket
At 3:51, the player "Dono da Bola" died because he was wounded and fell from a height enough to kill him.
At 3:59, the player "Zeh" killed the player "Assasinu Credi" using Rocket
At 4:00, the player "Zeh" killed the player "Dono da Bola" using Rocket
At 4:08, the player "Zeh" killed the player "Isgalamido" using Rocket Splash
At 4:11, the player "Assasinu Credi" died because he was wounded and fell from a height enough to kill him.
At 4:21, the player "Zeh" killed the player "Dono da Bola" using Rocket Splash
At 4:22, the player "Isgalamido" killed the player "Zeh" using Rocket Splash
At 4:16, the player "Isgalamido" died because the environment killed him.
At 4:37, the player "Isgalamido" killed the player "Assasinu Credi" using Machine Gun
At 3:32, the player "Isgalamido" killed the player "Zeh" using Rocket
At 4:40, the player "Isgalamido" killed the player "Zeh" using Machine Gun
At 4:54, the player "Dono da Bola" killed the player "Dono da Bola" using Rocket Splash
At 5:11, the player "Zeh" killed the player "Assasinu Credi" using Rocket
At 4:48, the player "Dono da Bola" killed the player "Isgalamido" using Rocket
At 5:11, the player "Zeh" killed the player "Isgalamido" using Rocket Splash
At 5:11, the player "Assasinu Credi" killed the player "Zeh" using Rocket Splash
At 5:24, the player "Isgalamido" died because he was wounded and fell from a height enough to kill him.
At 5:00, the player "Zeh" killed the player "Isgalamido" using Rocket Splash
At 5:26, the player "Zeh" killed the player "Dono da Bola" using Rocket Splash
At 5:34, the player "Isgalamido" killed the player "Dono da Bola" using Rocket Splash
At 5:38, the player "Isgalamido" died because he was wounded and fell from a height enough to kill him.
At 5:52, the player "Assasinu Credi" killed the player "Dono da Bola" using Rocket Splash
At 5:29, the player "Zeh" killed the player "Assasinu Credi" using Rocket Splash
At 5:56, the player "Assasinu Credi" killed the player "Isgalamido" using Rocket Splash
At 6:06, the player "Dono da Bola" killed the player "Isgalamido" using Rocket
At 5:43, the player "Assasinu Credi" killed the player "Zeh" using Rocket Splash
At 6:08, the player "Zeh" killed the player "Assasinu Credi" using Rocket Splash
At 6:08, the player "Dono da Bola" died because the environment killed him.
At 6:28, the player "Zeh" killed the player "Assasinu Credi" using Rocket Splash
At 6:28, the player "Assasinu Credi" killed the player "Zeh" using Rocket Splash
At 6:34, the player "Dono da Bola" killed the player "Isgalamido" using Rocket Splash
At 6:35, the player "Dono da Bola" killed the player "Zeh" using Rocket
At 6:24, the player "Dono da Bola" died because the environment killed him.
At 6:35, the player "Dono da Bola" killed the player "Dono da Bola" using Rocket Splash
At 6:46, the player "Assasinu Credi" killed the player "Isgalamido" using Rocket Splash
At 7:02, the player "Isgalamido" died because the environment killed him.
At 6:50, the player "Dono da Bola" died because the environment killed him.
At 7:12, the player "Zeh" killed the player "Dono da Bola" using Rocket Splash
At 7:12, the player "Dono da Bola" killed the player "Assasinu Credi" using Rocket Splash
At 7:03, the player "Zeh" killed the player "Dono da Bola" using Rocket
At 7:21, the player "Dono da Bola" killed the player "Dono da Bola" using Rocket Splash
At 7:29, the player "Dono da Bola" killed the player "Assasinu Credi" using Rocket Splash
At 7:30, the player "Dono da Bola" died because he was wounded and fell from a height enough to kill him.
At 7:37, the player "Zeh" died because he was wounded and fell from a height enough to kill him.
At 7:44, the player "Assasinu Credi" killed the player "Dono da Bola" using Rocket
At 7:23, the player "Zeh" killed the player "Isgalamido" using Rocket Splash
At 7:53, the player "Assasinu Credi" killed the player "Zeh" using Rocket Splash
At 8:04, the player "Dono da Bola" killed the player "Assasinu Credi" using Rocket Splash
At 8:08, the player "Dono da Bola" killed the player "Assasinu Credi" using Rocket Splash
At 8:11, the player "Zeh" killed the player "Isgalamido" using Rocket Splash
At 7:53, the player "Isgalamido" killed the player "Assasinu Credi" using Rocket
At 8:11, the player "Dono da Bola" killed the player "Dono da Bola" using Rocket Splash
At 8:24, the player "Isgalamido" killed the player "Zeh" using Railgun
At 8:31, the player "Isgalamido" killed the player "Assasinu Credi" using Railgun
At 8:39, the player "Dono da Bola" killed the player "Zeh" using Rocket Splash
At 8:46, the player "Zeh" killed the player "Assasinu Credi" using Rocket Splash
At 8:35, the player "Zeh" killed the player "Isgalamido" using Shotgun
At 8:49, the player "Isgalamido" killed the player "Dono da Bola" using Rocket Splash
At 9:01, the player "Zeh" killed the player "Assasinu Credi" using Rocket
At 9:05, the player "Zeh" killed the player "Assasinu Credi" using Rocket Splash
At 9:10, the player "Dono da Bola" died because he was wounded and fell from a height enough to kill him.
At 9:20, the player "Isgalamido" killed the player "Dono da Bola" using Machine Gun
At 9:20, the player "Assasinu Credi" killed the player "Zeh" using Rocket Splash
At 9:10, the player "Isgalamido" killed the player "Zeh" using Rocket Splash
At 9:25, the player "Assasinu Credi" killed the player "Isgalamido" using Rocket Splash
At 9:25, the player "Dono da Bola" killed the player "Assasinu Credi" using Rocket
At 9:36, the player "Dono da Bola" killed the player "Zeh" using Rocket
At 9:25, the player "Isgalamido" killed the player "Dono da Bola" using Shotgun
At 9:47, the player "Assasinu Credi" killed the player "Dono da Bola" using Rocket Splash
At 9:52, the player "Assasinu Credi" killed the player "Zeh" using Rocket Splash
At 9:53, the player "Isgalamido" killed the player "Assasinu Credi" using Rocket Splash
At 10:09, the player "Assasinu Credi" killed the player "Isgalamido" using Rocket Splash
At 9:58, the player "Isgalamido" killed the player "Dono da Bola" using Rocket
At 10:24, the player "Isgalamido" killed the player "Assasinu Credi" using Rocket Splash
At 10:19, the player "Isgalamido" killed the player "Zeh" using Rocket Splash
At 10:41, the player "Assasinu Credi" died because the environment killed him.
At 10:29, the player "Isgalamido" killed the player "Zeh" using Machine Gun
At 10:42, the player "Dono da Bola" killed the player "Zeh" using Railgun
At 10:57, the player "Isgalamido" killed the player "Zeh" using Rocket Splash
At 11:16, the player "Isgalamido" died because he was wounded and fell from a height enough to kill him.
At 11:00, the player "Assasinu Credi" killed the player "Dono da Bola" using Rocket Splash
At 11:17, the player "Dono da Bola" killed the player "Assasinu Credi" using Rocket Splash
At 11:30, the player "Assasinu Credi" killed the player "Assasinu Credi" using Rocket Splash
At 11:30, the player "Isgalamido" killed the player "Dono da Bola" using Rocket Splash
At 11:26, the player "Assasinu Credi" killed the player "Zeh" using Rocket Splash
At 11:40, the player "Assasinu Credi" died because he was wounded and fell from a height enough to kill him.
At 11:37, the player "Zeh" died because the environment killed him.
At 11:47, the player "Zeh" killed the player "Dono da Bola" using Rocket Splash
At 11:47, the player "Isgalamido" killed the player "Assasinu Credi" using Rocket
At 12:24, the player "Isgalamido" killed the player "Zeh" using Rocket
At 11:57, the player "Zeh" killed the player "Isgalamido" using Rocket Splash
At 12:26, the player "Isgalamido" killed the player "Dono da Bola" using Rocket Splash
At 14:02, the player "Assasinu Credi" died because the environment killed him.
At 14:29, the player "Assasinu Credi" killed the player "Assasinu Credi" using Rocket Splash
At 14:38, the player "Assasinu Credi" died because the environment killed him.
At 14:46, the player "Assasinu Credi" killed the player "Zeh" using Rocket
At 14:15, the player "Zeh" killed the player "Assasinu Credi" using Railgun
At 15:18, the player "Zeh" killed the player "Assasinu Credi" using Rocket Splash
At 15:06, the player "Assasinu Credi" killed the player "Zeh" using Rocket
At 15:27, the player "Assasinu Credi" died because the environment killed him.
At 15:36, the player "Assasinu Credi" killed the player "Assasinu Credi" using Rocket Splash
At 15:54, the player "Assasinu Credi" killed the player "Zeh" using Rocket
At 16:46, the player "Assasinu Credi" died because the environment killed him.
At 0:25, the player "Oootsimo" killed the player "Zeh" using Rocket
At 0:49, the player "Isgalamido" killed the player "Zeh" using Railgun
At 15:38, the player "Zeh" died because the environment killed him.
At 1:07, the player "Zeh" killed the player "Isgalamido" using Rocket
At 1:13, the player "Zeh" killed the player "Isgalamido" using Shotgun
At 1:17, the player "Oootsimo" died because the environment killed him.
At 1:31, the player "Zeh" died because he was wounded and fell from a height enough to kill him.
At 1:34, the player "Isgalamido" killed the player "Dono da Bola" using Shotgun
At 1:31, the player "Isgalamido" killed the player "UnnamedPlayer" using Shotgun
At 1:14, the player "Oootsimo" killed the player "Zeh" using Rocket Splash
At 1:51, the player "Dono da Bola" killed the player "Isgalamido" using Rocket Splash
At 1:54, the player "Oootsimo" killed the player "Dono da Bola" using Rocket Splash
At 2:02, the player "Maluquinho" killed the player "Zeh" using Rocket Splash
At 1:45, the player "Zeh" killed the player "Isgalamido" using Railgun
At 2:04, the player "Maluquinho" died because the environment killed him.
At 2:06, the player "Isgalamido" killed the player "Oootsimo" using Machine Gun
At 2:28, the player "Oootsimo" killed the player "Dono da Bola" using Rocket Splash
At 2:10, the player "Oootsimo" killed the player "Assasinu Credi" using Rocket
At 2:38, the player "Assasinu Credi" killed the player "Dono da Bola" using Rocket Splash
At 2:09, the player "Dono da Bola" killed the player "Zeh" using Rocket Splash
At 2:38, the player "Oootsimo" killed the player "Zeh" using Rocket
At 2:28, the player "Zeh" killed the player "Isgalamido" using Shotgun
At 2:46, the player "Zeh" killed the player "Dono da Bola" using Rocket Splash
At 2:59, the player "Zeh" killed the player "Assasinu Credi" using Rocket
At 3:01, the player "Oootsimo" killed the player "Zeh" using Rocket Splash
At 3:12, the player "Oootsimo" killed the player "Assasinu Credi" using Rocket Splash
At 3:10, the player "Zeh" killed the player "Mal" using Rocket Splash
At 3:06, the player "Oootsimo" killed the player "Isgalamido" using Rocket Splash
At 3:51, the player "Zeh" died because he was wounded and fell from a height enough to kill him.
At 3:31, the player "Zeh" killed the player "Mal" using Rocket Splash
At 3:21, the player "Isgalamido" died because the environment killed him.
At 3:55, the player "Dono da Bola" died because the environment killed him.
At 4:12, the player "Dono da Bola" killed the player "Isgalamido" using Rocket Splash
At 4:13, the player "Oootsimo" killed the player "Mal" using Rocket
At 4:07, the player "Assasinu Credi" killed the player "Oootsimo" using Rocket Splash
At 4:26, the player "Mal" died because the environment killed him.
At 4:23, the player "Zeh" died because the environment killed him.
At 4:23, the player "Oootsimo" killed the player "Dono da Bola" using Rocket
At 4:34, the player "Assasinu Credi" killed the player "Dono da Bola" using Rocket Splash
At 4:39, the player "Assasinu Credi" killed the player "Assasinu Credi" using Rocket Splash
At 4:39, the player "Assasinu Credi" killed the player "Mal" using Rocket Splash
At 4:36, the player "Oootsimo" killed the player "Isgalamido" using Rocket
At 4:40, the player "Zeh" killed the player "Dono da Bola" using Rocket
At 4:52, the player "Dono da Bola" killed the player "Mal" using Rocket Splash
At 4:57, the player "Isgalamido" killed the player "Assasinu Credi" using Railgun
At 4:51, the player "Zeh" killed the player "Oootsimo" using Shotgun
At 4:58, the player "Oootsimo" killed the player "Dono da Bola" using Rocket Splash
At 5:11, the player "Assasinu Credi" killed the player "Dono da Bola" using Rocket Splash
At 5:18, the player "Isgalamido" killed the player "Assasinu Credi" using Railgun
At 5:13, the player "Isgalamido" killed the player "Mal" using Railgun
At 5:23, the player "Zeh" killed the player "Assasinu Credi" using Rocket Splash
At 5:06, the player "Zeh" killed the player "Mal" using Rocket Splash
At 5:21, the player "Assasinu Credi" killed the player "Isgalamido" using Rocket
At 5:30, the player "Mal" died because the environment killed him.
At 5:29, the player "Dono da Bola" killed the player "Oootsimo" using Rocket
At 5:37, the player "Oootsimo" killed the player "Zeh" using Rocket Splash
At 5:32, the player "Oootsimo" killed the player "Dono da Bola" using Rocket
At 5:38, the player "Assasinu Credi" killed the player "Mal" using Shotgun
At 5:42, the player "Oootsimo" killed the player "Assasinu Credi" using Rocket Splash
At 5:47, the player "Mal" died because the environment killed him.
At 5:51, the player "Oootsimo" killed the player "Assasinu Credi" using Rocket Splash
At 5:54, the player "Dono da Bola" killed the player "Dono da Bola" using Rocket Splash
At 5:54, the player "Dono da Bola" killed the player "Oootsimo" using Rocket
At 5:28, the player "Mal" killed the player "Assasinu Credi" using Rocket
At 6:04, the player "Zeh" killed the player "Dono da Bola" using Rocket Splash
At 6:08, the player "Isgalamido" killed the player "Zeh" using Railgun
At 6:01, the player "Oootsimo" died because the environment killed him.
At 6:14, the player "Dono da Bola" killed the player "Dono da Bola" using Rocket Splash
At 6:15, the player "Mal" died because the environment killed him.
At 6:19, the player "Isgalamido" died because he was wounded and fell from a height enough to kill him.
At 6:25, the player "Dono da Bola" killed the player "Zeh" using Rocket
At 6:27, the player "Mal" killed the player "Dono da Bola" using Shotgun
At 6:02, the player "Isgalamido" killed the player "Mal" using Railgun
At 6:29, the player "Oootsimo" killed the player "Mal" using Rocket Splash
At 6:32, the player "Assasinu Credi" killed the player "Isgalamido" using Rocket Splash
At 6:20, the player "Zeh" killed the player "Oootsimo" using Shotgun
At 6:37, the player "Oootsimo" killed the player "Assasinu Credi" using Rocket
At 6:39, the player "Oootsimo" died because the environment killed him.
At 6:39, the player "Zeh" killed the player "Dono da Bola" using Rocket
At 6:42, the player "Isgalamido" killed the player "Chessus" using Machine Gun
At 6:52, the player "Oootsimo" killed the player "Dono da Bola" using Rocket Splash
At 6:52, the player "Zeh" died because the environment killed him.
At 6:39, the player "Zeh" killed the player "Zeh" using Rocket Splash
At 6:58, the player "Mal" died because he was wounded and fell from a height enough to kill him.
At 7:08, the player "Assasinu Credi" killed the player "Zeh" using Rocket Splash
At 7:01, the player "Dono da Bola" killed the player "Isgalamido" using Rocket Splash
At 7:26, the player "Mal" died because the environment killed him.
At 7:12, the player "Dono da Bola" killed the player "Assasinu Credi" using Rocket
At 7:27, the player "Oootsimo" killed the player "Isgalamido" using Rocket
At 7:16, the player "Isgalamido" killed the player "Dono da Bola" using Rocket
At 7:27, the player "Dono da Bola" killed the player "Assasinu Credi" using Rocket Splash
At 7:36, the player "Oootsimo" killed the player "Zeh" using Rocket
At 7:29, the player "Zeh" killed the player "Dono da Bola" using Shotgun
At 7:40, the player "Isgalamido" killed the player "Chessus" using Railgun
At 7:47, the player "Oootsimo" killed the player "Mal" using Rocket Splash
At 7:54, the player "Zeh" died because the environment killed him.
At 7:37, the player "Mal" killed the player "Oootsimo" using Shotgun
At 7:54, the player "Oootsimo" killed the player "Assasinu Credi" using Rocket
At 7:55, the player "Isgalamido" killed the player "Dono da Bola" using Railgun
At 8:03, the player "Zeh" died because he was wounded and fell from a height enough to kill him.
At 8:11, the player "Mal" killed the player "Dono da Bola" using Rocket
At 8:13, the player "Assasinu Credi" killed the player "Assasinu Credi" using Rocket Splash
At 8:14, the player "Isgalamido" killed the player "Mal" using Machine Gun
At 8:16, the player "Isgalamido" killed the player "Dono da Bola" using Machine Gun
At 8:21, the player "Mal" killed the player "Zeh" using Machine Gun
At 8:28, the player "Assasinu Credi" killed the player "Mal" using Rocket
At 8:01, the player "Mal" died because the environment killed him.
At 8:31, the player "Isgalamido" died because he was wounded and fell from a height enough to kill him.
At 8:35, the player "Oootsimo" killed the player "Assasinu Credi" using Rocket
At 8:46, the player "Dono da Bola" killed the player "Mal" using Machine Gun
At 8:47, the player "Assasinu Credi" killed the player "Oootsimo" using Rocket Splash
At 8:48, the player "Isgalamido" killed the player "Zeh" using Rocket Splash
At 8:44, the player "Isgalamido" killed the player "Dono da Bola" using Rocket Splash
At 8:57, the player "Assasinu Credi" killed the player "Mal" using Rocket
At 8:56, the player "Dono da Bola" killed the player "Zeh" using Rocket Splash
At 8:59, the player "Isgalamido" killed the player "Assasinu Credi" using Rocket Splash
At 8:41, the player "Mal" killed the player "Zeh" using Rocket Splash
At 9:04, the player "Isgalamido" killed the player "Isgalamido" using Rocket Splash
At 9:21, the player "Dono da Bola" died because the environment killed him.
At 9:14, the player "Mal" died because the environment killed him.
At 9:21, the player "Assasinu Credi" killed the player "Oootsimo" using Rocket
At 9:23, the player "Isgalamido" died because he was wounded and fell from a height enough to kill him.
At 9:29, the player "Mal" killed the player "Assasinu Credi" using Rocket
At 9:31, the player "Zeh" killed the player "Dono da Bola" using Machine Gun
At 9:33, the player "Oootsimo" killed the player "Mal" using Shotgun
At 9:35, the player "Isgalamido" killed the player "Oootsimo" using Machine Gun
At 9:38, the player "Oootsimo" killed the player "Zeh" using Machine Gun
At 9:39, the player "Dono da Bola" killed the player "Oootsimo" using Rocket Splash
At 9:42, the player "Assasinu Credi" killed the player "Isgalamido" using Rocket Splash
At 9:52, the player "Mal" died because the environment killed him.
At 9:54, the player "Assasinu Credi" killed the player "Dono da Bola" using Rocket Splash
At 9:49, the player "Zeh" killed the player "Dono da Bola" using Rocket Splash
At 10:00, the player "Assasinu Credi" killed the player "Isgalamido" using Rocket Splash
At 10:00, the player "Dono da Bola" killed the player "Oootsimo" using Rocket
At 10:03, the player "Assasinu Credi" killed the player "Dono da Bola" using Rocket Splash
At 10:06, the player "Assasinu Credi" killed the player "Assasinu Credi" using Rocket Splash
At 10:04, the player "Assasinu Credi" killed the player "Mal" using Rocket Splash
At 10:09, the player "Oootsimo" killed the player "Zeh" using Rocket Splash
At 9:58, the player "Oootsimo" killed the player "Zeh" using Rocket Splash
At 10:19, the player "Oootsimo" killed the player "Zeh" using Rocket Splash
At 10:13, the player "Mal" died because the environment killed him.
At 10:19, the player "Isgalamido" killed the player "Oootsimo" using Railgun
At 10:25, the player "Mal" died because the environment killed him.
At 10:27, the player "Assasinu Credi" killed the player "Zeh" using Rocket Splash
At 10:31, the player "Oootsimo" died because he was wounded and fell from a height enough to kill him.
At 10:16, the player "Zeh" killed the player "Assasinu Credi" using Rocket
At 10:41, the player "Isgalamido" killed the player "Dono da Bola" using Railgun
At 10:48, the player "Isgalamido" died because the environment killed him.
At 10:47, the player "Zeh" killed the player "Assasinu Credi" using Rocket
At 10:47, the player "Oootsimo" died because the environment killed him.
At 10:53, the player "Isgalamido" killed the player "Oootsimo" using Rocket
At 10:53, the player "Isgalamido" killed the player "Isgalamido" using Rocket Splash
At 11:02, the player "Oootsimo" killed the player "Dono da Bola" using Rocket
At 11:02, the player "Zeh" killed the player "Oootsimo" using Machine Gun
At 11:01, the player "Assasinu Credi" killed the player "Isgalamido" using Rocket Splash
At 11:08, the player "Oootsimo" killed the player "Zeh" using Rocket
At 11:03, the player "Mal" killed the player "Assasinu Credi" using Rocket Splash
At 10:54, the player "Mal" died because the environment killed him.
At 11:30, the player "Isgalamido" killed the player "Zeh" using Rocket
At 11:15, the player "Oootsimo" killed the player "Mal" using Rocket Splash
At 11:14, the player "Mal" killed the player "Oootsimo" using Rocket Splash
At 11:36, the player "Assasinu Credi" killed the player "Mal" using Rocket Splash
At 11:39, the player "Zeh" killed the player "Oootsimo" using Rocket Splash
At 11:45, the player "Isgalamido" killed the player "Assasinu Credi" using Rocket Splash
At 11:48, the player "Isgalamido" died because he was wounded and fell from a height enough to kill him.
At 11:48, the player "Dono da Bola" killed the player "Mal" using Railgun
At 11:50, the player "Oootsimo" killed the player "Dono da Bola" using Rocket
At 11:56, the player "Zeh" died because the environment killed him.
At 11:58, the player "Isgalamido" killed the player "Assasinu Credi" using Rocket Splash
At 12:00, the player "Oootsimo" killed the player "Mal" using Rocket Splash
At 11:28, the player "Oootsimo" died because the environment killed him.
At 12:00, the player "Oootsimo" killed the player "Isgalamido" using Rocket
At 12:04, the player "Dono da Bola" killed the player "Dono da Bola" using Rocket Splash
At 12:21, the player "Assasinu Credi" killed the player "Isgalamido" using Rocket Splash
At 12:00, the player "Oootsimo" killed the player "Oootsimo" using Rocket Splash
At 12:25, the player "Assasinu Credi" killed the player "Assasinu Credi" using Rocket Splash
At 12:15, the player "Assasinu Credi" killed the player "Zeh" using Rocket
At 12:22, the player "Oootsimo" killed the player "Dono da Bola" using Rocket
At 12:33, the player "Isgalamido" killed the player "Zeh" using Rocket Splash
At 12:25, the player "Isgalamido" killed the player "Oootsimo" using Machine Gun
At 12:33, the player "Assasinu Credi" killed the player "Oootsimo" using Machine Gun
At 12:34, the player "Dono da Bola" killed the player "Assasinu Credi" using Rocket
At 12:36, the player "Isgalamido" killed the player "Dono da Bola" using Rocket Splash
At 12:29, the player "Isgalamido" killed the player "Mal" using Rocket
At 12:49, the player "Isgalamido" killed the player "Dono da Bola" using Rocket
At 12:40, the player "Isgalamido" killed the player "Zeh" using Rocket Splash
At 12:54, the player "Isgalamido" killed the player "Assasinu Credi" using Rocket Splash
At 13:01, the player "Isgalamido" killed the player "Dono da Bola" using Rocket
At 12:56, the player "Oootsimo" killed the player "Isgalamido" using Rocket Splash
At 12:48, the player "Dono da Bola" killed the player "Mal" using Rocket Splash
At 13:05, the player "Zeh" killed the player "Assasinu Credi" using Railgun
At 13:02, the player "Oootsimo" killed the player "Mal" using Rocket Splash
At 13:08, the player "Zeh" killed the player "Oootsimo" using Railgun
At 13:03, the player "Zeh" killed the player "Isgalamido" using Railgun
At 13:11, the player "Isgalamido" died because the environment killed him.
At 13:21, the player "Dono da Bola" died because the environment killed him.
At 13:12, the player "Assasinu Credi" killed the player "Mal" using Rocket Splash
At 13:33, the player "Isgalamido" killed the player "Mal" using Rocket Splash
At 13:28, the player "Mal" killed the player "Mal" using Rocket Splash
At 13:25, the player "Zeh" killed the player "Assasinu Credi" using Railgun
At 13:43, the player "Isgalamido" killed the player "Oootsimo" using Machine Gun
At 13:50, the player "Zeh" killed the player "Assasinu Credi" using Rocket Splash
At 13:55, the player "Isgalamido" killed the player "Assasinu Credi" using Rocket Splash
At 13:57, the player "Zeh" died because he was wounded and fell from a height enough to kill him.
At 13:58, the player "Isgalamido" killed the player "Mal" using Rocket Splash
At 13:37, the player "Isgalamido" killed the player "Dono da Bola" using Rocket Splash
At 14:14, the player "Isgalamido" killed the player "Oootsimo" using Rocket Splash
At 14:13, the player "Mal" died because the environment killed him.
At 13:59, the player "Oootsimo" killed the player "Dono da Bola" using Rocket
At 14:15, the player "Assasinu Credi" killed the player "Dono da Bola" using Railgun
At 14:25, the player "Isgalamido" died because he was wounded and fell from a height enough to kill him.
At 14:24, the player "Isgalamido" killed the player "Mal" using Rocket
At 14:28, the player "Oootsimo" killed the player "Dono da Bola" using Rocket
At 14:37, the player "Isgalamido" killed the player "Zeh" using Railgun
At 14:23, the player "Oootsimo" killed the player "Assasinu Credi" using Rocket Splash
At 14:32, the player "Oootsimo" killed the player "Zeh" using Rocket Splash
At 14:39, the player "Isgalamido" killed the player "Oootsimo" using Railgun
At 14:43, the player "Dono da Bola" killed the player "Dono da Bola" using Rocket Splash
At 14:48, the player "Oootsimo" killed the player "Isgalamido" using Railgun
At 14:45, the player "Assasinu Credi" killed the player "Mal" using Rocket Splash
At 14:54, the player "Mal" died because the environment killed him.
At 14:48, the player "Zeh" killed the player "Assasinu Credi" using Rocket Splash
At 14:29, the player "Assasinu Credi" killed the player "Mal" using Rocket
At 14:59, the player "Assasinu Credi" died because the environment killed him.
At 15:02, the player "Oootsimo" killed the player "Dono da Bola" using Rocket
At 15:02, the player "Assasinu Credi" killed the player "Oootsimo" using Machine Gun
At 15:09, the player "Zeh" killed the player "Isgalamido" using Rocket
At 15:14, the player "Oootsimo" killed the player "Assasinu Credi" using Rocket
At 15:18, the player "Zeh" killed the player "Dono da Bola" using Rocket Splash
At 15:21, the player "Zeh" killed the player "Oootsimo" using Rocket Splash
At 15:23, the player "Isgalamido" killed the player "Assasinu Credi" using Rocket Splash
At 15:21, the player "Oootsimo" killed the player "Zeh" using Rocket Splash
At 15:32, the player "Isgalamido" died because he was wounded and fell from a height enough to kill him.
At 15:35, the player "Oootsimo" killed the player "Dono da Bola" using Rocket Splash
At 15:35, the player "Assasinu Credi" killed the player "Mal" using Rocket Splash
At 15:14, the player "Zeh" killed the player "Mal" using Rocket Splash
At 15:42, the player "Assasinu Credi" killed the player "Mal" using Rocket
At 15:44, the player "Assasinu Credi" died because he was wounded and fell from a height enough to kill him.
At 15:54, the player "Zeh" killed the player "Isgalamido" using Rocket Splash
At 15:36, the player "Zeh" killed the player "Assasinu Credi" using Shotgun
At 15:44, the player "Zeh" killed the player "Oootsimo" using Rocket Splash
At 15:56, the player "Mal" died because he was wounded and fell from a height enough to kill him.
At 15:59, the player "Zeh" killed the player "Assasinu Credi" using Rocket
At 16:03, the player "Oootsimo" killed the player "Mal" using Rocket Splash
At 16:09, the player "Isgalamido" killed the player "Oootsimo" using Railgun
At 16:17, the player "Isgalamido" killed the player "Zeh" using Railgun
At 16:03, the player "Dono da Bola" died because the environment killed him.
At 16:41, the player "Assasinu Credi" died because the environment killed him.
At 16:19, the player "Isgalamido" killed the player "Oootsimo" using Railgun
At 16:49, the player "Oootsimo" killed the player "Oootsimo" using Rocket Splash
At 16:10, the player "Zeh" died because the environment killed him.
At 16:48, the player "Oootsimo" killed the player "Zeh" using Rocket Splash
At 17:09, the player "Dono da Bola" killed the player "Mal" using Rocket Splash
At 17:05, the player "Mal" killed the player "Oootsimo" using Rocket
At 17:15, the player "Dono da Bola" killed the player "Dono da Bola" using Rocket Splash
At 17:17, the player "Oootsimo" killed the player "Zeh" using Rocket Splash
At 17:16, the player "Mal" killed the player "Isgalamido" using Machine Gun
At 17:33, the player "Zeh" killed the player "Dono da Bola" using Rocket
At 16:49, the player "Mal" killed the player "Dono da Bola" using Shotgun
At 17:34, the player "Assasinu Credi" killed the player "Zeh" using Rocket
At 17:34, the player "Isgalamido" died because he was wounded and fell from a height enough to kill him.
At 17:43, the player "Dono da Bola" killed the player "Assasinu Credi" using Rocket Splash
At 17:39, the player "Mal" died because the environment killed him.
At 17:53, the player "Mal" died because the environment killed him.
At 17:45, the player "Oootsimo" killed the player "Dono da Bola" using Rocket
At 17:55, the player "Zeh" killed the player "Oootsimo" using Rocket Splash
At 17:43, the player "Zeh" died because the environment killed him.
At 18:03, the player "Oootsimo" killed the player "Zeh" using Rocket
At 18:09, the player "Oootsimo" killed the player "Isgalamido" using Rocket Splash
At 18:10, the player "Mal" died because the environment killed him.
At 18:21, the player "Isgalamido" killed the player "Assasinu Credi" using Rocket Splash
At 18:21, the player "Zeh" died because he was wounded and fell from a height enough to kill him.
At 18:22, the player "Mal" died because the environment killed him.
At 18:07, the player "Isgalamido" killed the player "Assasinu Credi" using Rocket
At 18:50, the player "Dono da Bola" died because he was wounded and fell from a height enough to kill him.
At 18:46, the player "Zeh" killed the player "Assasinu Credi" using Rocket Splash
At 18:54, the player "Mal" killed the player "Zeh" using Rocket Splash
At 18:41, the player "Zeh" killed the player "Assasinu Credi" using Rocket
At 18:55, the player "Assasinu Credi" killed the player "Mal" using Rocket Splash
At 19:13, the player "Assasinu Credi" killed the player "Assasinu Credi" using Rocket Splash
At 19:22, the player "Zeh" killed the player "Oootsimo" using Rocket Splash
At 19:12, the player "Zeh" killed the player "Mal" using Rocket
At 19:36, the player "Assasinu Credi" killed the player "Assasinu Credi" using Rocket Splash
At 19:35, the player "Assasinu Credi" killed the player "Mal" using Rocket
At 19:47, the player "Zeh" killed the player "Assasinu Credi" using Rocket Splash
At 19:55, the player "Oootsimo" killed the player "Mal" using Rocket
At 19:41, the player "Zeh" killed the player "Oootsimo" using Rocket Splash
At 19:59, the player "Chessus" killed the player "Zeh" using Railgun
At 19:44, the player "Zeh" killed the player "Mal" using Rocket Splash
At 20:03, the player "Chessus" killed the player "Oootsimo" using Railgun
At 20:06, the player "Chessus" killed the player "Assasinu Credi" using Railgun
At 20:14, the player "Assasinu Credi" killed the player "Mal" using Rocket
At 19:58, the player "Zeh" killed the player "Mal" using Rocket Splash
At 20:14, the player "Assasinu Credi" killed the player "Assasinu Credi" using Rocket Splash
At 20:20, the player "Chessus" killed the player "Assasinu Credi" using Railgun
At 20:15, the player "Zeh" died because the environment killed him.
At 20:26, the player "Chessus" killed the player "Oootsimo" using Railgun
At 20:29, the player "Assasinu Credi" killed the player "Zeh" using Rocket
At 20:30, the player "Chessus" killed the player "Assasinu Credi" using Railgun
At 20:39, the player "Zeh" killed the player "Chessus" using Rocket
At 20:24, the player "Oootsimo" killed the player "Mal" using Rocket
At 20:49, the player "Zeh" killed the player "Oootsimo" using Rocket Splash
At 20:54, the player "Chessus" killed the player "Zeh" using Rocket Splash
At 20:49, the player "Mal" killed the player "Zeh" using Rocket
At 21:02, the player "Chessus" died because the environment killed him.
At 21:10, the player "Mal" killed the player "Assasinu Credi" using Rocket
At 21:15, the player "Zeh" killed the player "Oootsimo" using Railgun
At 21:10, the player "Mal" killed the player "Mal" using Rocket Splash
At 21:24, the player "Assasinu Credi" killed the player "Oootsimo" using Rocket Splash
At 21:26, the player "Zeh" killed the player "Chessus" using Railgun
At 21:28, the player "Oootsimo" killed the player "Zeh" using Machine Gun
At 21:34, the player "Zeh" killed the player "Oootsimo" using Machine Gun
At 21:42, the player "Assasinu Credi" killed the player "Mal" using Rocket Splash
At 21:51, the player "Chessus" killed the player "Oootsimo" using Railgun
At 21:48, the player "Assasinu Credi" killed the player "Zeh" using Rocket
At 21:18, the player "Chessus" killed the player "Zeh" using Railgun
At 0:04, the player "Assasinu Credi" killed the player "Mal" using Telefragged
At 0:04, the player "Dono da Bola" killed the player "Assasinu Credi" using Telefragged
At 0:04, the player "Zeh" killed the player "Chessus" using Telefragged
At 0:04, the player "Chessus" killed the player "Dono da Bola" using Telefragged
At 0:03, the player "Mal" killed the player "Oootsimo" using Telefragged
At 0:07, the player "Dono da Bola" killed the player "Chessus" using Telefragged
At 0:10, the player "Dono da Bola" died because the environment killed him.
At 0:11, the player "Oootsimo" died because the environment killed him.
At 0:12, the player "Dono da Bola" killed the player "Chessus" using Telefragged
At 0:13, the player "Mal" died because the environment killed him.
At 0:15, the player "Mal" killed the player "Chessus" using Telefragged
At 0:15, the player "Isgalamido" killed the player "Mal" using Telefragged
At 0:15, the player "Oootsimo" killed the player "Isgalamido" using Telefragged
At 0:17, the player "Chessus" killed the player "Isgalamido" using Telefragged
At 0:06, the player "Chessus" killed the player "Zeh" using Telefragged
At 0:17, the player "Isgalamido" killed the player "Mal" using Telefragged
At 0:20, the player "Zeh" died because the environment killed him.
At 0:19, the player "Isgalamido" killed the player "Mal" using Telefragged
At 0:22, the player "Dono da Bola" killed the player "Chessus" using Rocket
At 0:21, the player "Chessus" killed the player "Isgalamido" using Telefragged
At 0:23, the player "Mal" died because the environment killed him.
At 0:22, the player "Dono da Bola" killed the player "Oootsimo" using Rocket Splash
At 0:24, the player "Chessus" killed the player "Oootsimo" using Telefragged
At 0:26, the player "Isgalamido" died because the environment killed him.
At 0:27, the player "Zeh" killed the player "Chessus" using Railgun
At 0:28, the player "Zeh" killed the player "Oootsimo" using Railgun
At 0:19, the player "Mal" killed the player "Chessus" using Telefragged
At 0:36, the player "Isgalamido" killed the player "Assasinu Credi" using Telefragged
At 0:32, the player "Isgalamido" died because the environment killed him.
At 0:35, the player "Chessus" killed the player "Isgalamido" using Telefragged
At 0:35, the player "Assasinu Credi" killed the player "Chessus" using Telefragged
At 0:40, the player "Chessus" died because the environment killed him.
At 0:39, the player "Dono da Bola" died because the environment killed him.
At 0:48, the player "Assasinu Credi" died because the environment killed him.
At 0:50, the player "Zeh" killed the player "Mal" using Rocket
At 0:41, the player "Assasinu Credi" died because the environment killed him.
At 0:54, the player "Mal" killed the player "Isgalamido" using Telefragged
At 0:58, the player "Zeh" killed the player "Oootsimo" using BFG Splash
At 0:52, the player "Isgalamido" died because the environment killed him.
At 1:05, the player "Isgalamido" killed the player "Assasinu Credi" using BFG10k
At 1:04, the player "Mal" died because the environment killed him.
At 1:05, the player "Isgalamido" killed the player "Isgalamido" using BFG Splash
At 1:06, the player "Mal" killed the player "Zeh" using Telefragged
At 1:07, the player "Isgalamido" killed the player "Mal" using Telefragged
At 1:10, the player "Assasinu Credi" killed the player "Mal" using Telefragged
At 1:10, the player "Oootsimo" died because the environment killed him.
At 1:13, the player "Mal" killed the player "Oootsimo" using Telefragged
At 1:23, the player "Isgalamido" killed the player "Assasinu Credi" using Railgun
At 1:02, the player "Zeh" died because the environment killed him.
At 1:17, the player "Isgalamido" killed the player "Mal" using Railgun
At 1:37, the player "Assasinu Credi" killed the player "Isgalamido" using Rocket
At 1:46, the player "Isgalamido" killed the player "Mal" using Machine Gun
At 1:33, the player "Mal" died because the environment killed him.
At 1:50, the player "Zeh" killed the player "Isgalamido" using Rocket
At 1:52, the player "Assasinu Credi" killed the player "Zeh" using Railgun
At 2:00, the player "Mal" died because the environment killed him.
At 2:03, the player "<world>" killed the player "Isgalamido" using Crushed
At 2:20, the player "Zeh" killed the player "Isgalamido" using BFG10k
At 1:41, the player "Zeh" killed the player "Assasinu Credi" using Railgun
At 0:55, the player "Dono da Bola" died because the environment killed him.
At 0:17, the player "Dono da Bola" died because the environment killed him.
At 1:09, the player "Isgalamido" died because the environment killed him.
At 2:10, the player "Zeh" killed the player "Assasinu Credi" using Railgun
At 1:23, the player "Oootsimo" killed the player "Assasinu Credi" using Rocket Splash
At 1:20, the player "<world>" killed the player "Dono da Bola" using Crushed
At 1:31, the player "Isgalamido" killed the player "Chessus" using BFG Splash
At 1:35, the player "Oootsimo" killed the player "Dono da Bola" using Rocket Splash
At 1:35, the player "Assasinu Credi" died because the environment killed him.
At 1:42, the player "Dono da Bola" killed the player "Oootsimo" using Rocket Splash
At 1:45, the player "Oootsimo" killed the player "Dono da Bola" using Railgun
At 1:22, the player "Isgalamido" died because the environment killed him.
At 1:48, the player "Assasinu Credi" died because the environment killed him.
At 1:57, the player "Isgalamido" killed the player "Isgalamido" using BFG Splash
At 1:45, the player "Isgalamido" killed the player "Zeh" using Machine Gun
At 2:14, the player "Assasinu Credi" died because the environment killed him.
At 2:11, the player "Isgalamido" killed the player "Chessus" using Railgun
At 2:17, the player "Isgalamido" killed the player "Mal" using Railgun
At 2:22, the player "Isgalamido" killed the player "Chessus" using BFG Splash
At 2:07, the player "Isgalamido" killed the player "Zeh" using Railgun
At 2:25, the player "Oootsimo" killed the player "Isgalamido" using Rocket Splash
At 2:36, the player "Dono da Bola" died because the environment killed him.
At 2:39, the player "Assasinu Credi" killed the player "Chessus" using Railgun
At 2:52, the player "Zeh" killed the player "Dono da Bola" using Rocket Splash
At 2:52, the player "Chessus" died because the environment killed him.
At 2:53, the player "Isgalamido" killed the player "Oootsimo" using BFG Splash
At 2:59, the player "Chessus" killed the player "Isgalamido" using Railgun
At 3:02, the player "Mal" died because the environment killed him.
At 3:06, the player "Assasinu Credi" killed the player "Chessus" using Railgun
At 3:02, the player "Dono da Bola" died because the environment killed him.
At 3:11, the player "Isgalamido" killed the player "Mal" using Rocket Splash
At 3:16, the player "Assasinu Credi" killed the player "Chessus" using Railgun
At 3:12, the player "Oootsimo" killed the player "Dono da Bola" using Rocket Splash
At 3:22, the player "Chessus" killed the player "Chessus" using Rocket Splash
At 2:51, the player "Mal" died because the environment killed him.
At 3:16, the player "Assasinu Credi" killed the player "Zeh" using Railgun
At 3:29, the player "Chessus" killed the player "Assasinu Credi" using Rocket
At 3:29, the player "Oootsimo" killed the player "Dono da Bola" using Rocket Splash
At 3:31, the player "Isgalamido" killed the player "Chessus" using Rocket
At 3:19, the player "Dono da Bola" died because the environment killed him.
At 3:35, the player "Mal" killed the player "Mal" using Rocket Splash
At 3:40, the player "Assasinu Credi" killed the player "Chessus" using Rocket Splash
At 3:41, the player "Oootsimo" killed the player "Dono da Bola" using Rocket
At 3:44, the player "Mal" killed the player "Isgalamido" using Rocket Splash
At 3:47, the player "Assasinu Credi" killed the player "Mal" using Rocket Splash
At 3:46, the player "Chessus" killed the player "Dono da Bola" using Railgun
At 3:40, the player "Zeh" killed the player "Zeh" using Rocket Splash
At 3:54, the player "Zeh" killed the player "Assasinu Credi" using Rocket Splash
At 4:08, the player "Assasinu Credi" killed the player "Assasinu Credi" using Rocket Splash
At 3:58, the player "Mal" died because the environment killed him.
At 3:57, the player "Zeh" killed the player "Dono da Bola" using Railgun
At 4:08, the player "Oootsimo" killed the player "Isgalamido" using Rocket Splash
At 4:09, the player "Dono da Bola" died because the environment killed him.
At 4:08, the player "Assasinu Credi" killed the player "Zeh" using Rocket Splash
At 4:12, the player "Oootsimo" killed the player "Assasinu Credi" using Rocket Splash
At 4:21, the player "Mal" died because the environment killed him.
At 4:18, the player "Mal" killed the player "Dono da Bola" using Rocket Splash
At 4:24, the player "Chessus" killed the player "Assasinu Credi" using Rocket Splash
At 4:20, the player "Chessus" killed the player "Isgalamido" using Railgun
At 4:28, the player "Mal" killed the player "Dono da Bola" using Rocket Splash
At 4:31, the player "Assasinu Credi" killed the player "Chessus" using Machine Gun
At 4:38, the player "Dono da Bola" killed the player "Zeh" using Railgun
At 4:39, the player "Chessus" died because the environment killed him.
At 4:41, the player "Isgalamido" killed the player "Mal" using Railgun
At 4:46, the player "Assasinu Credi" killed the player "Zeh" using Railgun
At 4:48, the player "Oootsimo" killed the player "Dono da Bola" using Rocket Splash
At 4:50, the player "Isgalamido" killed the player "Oootsimo" using Machine Gun
At 4:54, the player "Chessus" killed the player "Assasinu Credi" using Railgun
At 4:58, the player "Oootsimo" killed the player "Dono da Bola" using Rocket Splash
At 5:10, the player "Dono da Bola" killed the player "Chessus" using BFG10k
At 4:52, the player "Mal" died because the environment killed him.
At 5:10, the player "Isgalamido" killed the player "Mal" using BFG10k
At 5:12, the player "Zeh" killed the player "Dono da Bola" using Rocket Splash
At 5:05, the player "Isgalamido" killed the player "Isgalamido" using BFG Splash
At 5:21, the player "Dono da Bola" died because the environment killed him.
At 5:18, the player "Dono da Bola" killed the player "Oootsimo" using Rocket
At 5:25, the player "Assasinu Credi" killed the player "Chessus" using Railgun
At 5:18, the player "Mal" died because the environment killed him.
At 5:28, the player "Isgalamido" killed the player "Oootsimo" using Railgun
At 5:30, the player "Dono da Bola" killed the player "Mal" using Rocket Splash
At 5:30, the player "Isgalamido" killed the player "Zeh" using Railgun
At 5:30, the player "Zeh" killed the player "Dono da Bola" using Rocket Splash
At 5:32, the player "Assasinu Credi" killed the player "Chessus" using Railgun
At 5:35, the player "Oootsimo" killed the player "Isgalamido" using Rocket Splash
At 5:43, the player "Dono da Bola" died because the environment killed him.
At 5:46, the player "Oootsimo" died because the environment killed him.
At 5:51, the player "Assasinu Credi" killed the player "Zeh" using Railgun
At 5:45, the player "Isgalamido" killed the player "Mal" using BFG10k
At 5:53, the player "Assasinu Credi" killed the player "Mal" using Railgun
At 5:55, the player "Assasinu Credi" killed the player "Chessus" using Railgun
At 5:59, the player "Isgalamido" killed the player "Oootsimo" using Rocket Splash
At 6:06, the player "Mal" died because the environment killed him.
At 6:03, the player "Chessus" killed the player "Dono da Bola" using Railgun
At 6:05, the player "Isgalamido" killed the player "Zeh" using Machine Gun
At 6:13, the player "Oootsimo" died because the environment killed him.
At 6:23, the player "Oootsimo" killed the player "Oootsimo" using Rocket Splash
At 6:16, the player "Chessus" killed the player "Isgalamido" using Railgun
At 6:20, the player "Chessus" killed the player "Assasinu Credi" using Railgun
At 6:33, the player "Assasinu Credi" killed the player "Chessus" using Railgun
At 6:45, the player "Assasinu Credi" killed the player "Chessus" using Railgun
At 6:38, the player "Oootsimo" died because the environment killed him.
At 6:23, the player "Oootsimo" killed the player "Isgalamido" using Rocket
At 6:47, the player "Oootsimo" killed the player "Isgalamido" using Rocket
At 6:45, the player "Oootsimo" killed the player "Assasinu Credi" using Rocket Splash
At 6:48, the player "Mal" killed the player "Dono da Bola" using Machine Gun
At 6:38, the player "Mal" died because the environment killed him.
At 6:51, the player "Isgalamido" killed the player "Mal" using Machine Gun
At 6:57, the player "Oootsimo" died because the environment killed him.
At 7:03, the player "Dono da Bola" killed the player "Zeh" using Rocket Splash
At 7:05, the player "Isgalamido" killed the player "Mal" using BFG10k
At 7:01, the player "Chessus" died because the environment killed him.
At 7:05, the player "Oootsimo" killed the player "Isgalamido" using Rocket Splash
At 7:14, the player "Isgalamido" killed the player "Chessus" using BFG Splash
At 7:05, the player "Chessus" killed the player "Assasinu Credi" using Railgun
At 7:18, the player "Oootsimo" killed the player "Isgalamido" using Rocket
At 7:08, the player "Dono da Bola" killed the player "Oootsimo" using Railgun
At 7:24, the player "Isgalamido" killed the player "Oootsimo" using Railgun
At 7:18, the player "Oootsimo" killed the player "Assasinu Credi" using Rocket Splash
At 7:26, the player "Zeh" killed the player "Dono da Bola" using Rocket
At 7:30, the player "Isgalamido" killed the player "Mal" using BFG Splash
At 7:35, the player "Assasinu Credi" killed the player "Oootsimo" using Rocket Splash
At 7:16, the player "Zeh" died because the environment killed him.
At 7:33, the player "Dono da Bola" killed the player "Zeh" using Rocket
At 7:41, the player "Chessus" killed the player "Isgalamido" using Railgun
At 7:41, the player "Dono da Bola" killed the player "Chessus" using Railgun
At 7:47, the player "Assasinu Credi" killed the player "Assasinu Credi" using Rocket Splash
At 7:48, the player "Chessus" killed the player "Isgalamido" using Rocket
At 7:48, the player "Oootsimo" died because the environment killed him.
At 7:48, the player "Zeh" killed the player "Dono da Bola" using Rocket
At 7:56, the player "Oootsimo" killed the player "Dono da Bola" using Rocket
At 7:56, the player "Assasinu Credi" died because the environment killed him.
At 7:55, the player "Mal" died because the environment killed him.
At 7:55, the player "Oootsimo" killed the player "Isgalamido" using Rocket
At 8:08, the player "Chessus" killed the player "Dono da Bola" using Railgun
At 8:03, the player "Mal" killed the player "Isgalamido" using Machine Gun
At 8:16, the player "Assasinu Credi" killed the player "Chessus" using Railgun
At 8:04, the player "Mal" died because the environment killed him.
At 8:10, the player "Oootsimo" died because the environment killed him.
At 8:26, the player "Isgalamido" killed the player "Mal" using Rocket
At 8:20, the player "Dono da Bola" died because the environment killed him.
At 8:28, the player "Zeh" killed the player "Assasinu Credi" using BFG Splash
At 8:28, the player "Oootsimo" killed the player "Isgalamido" using Rocket
At 8:31, the player "Dono da Bola" killed the player "Chessus" using Rocket
At 8:20, the player "Oootsimo" died because the environment killed him.
At 8:36, the player "Mal" killed the player "Dono da Bola" using Railgun
At 8:40, the player "Chessus" killed the player "Assasinu Credi" using Rocket Splash
At 8:49, the player "Dono da Bola" killed the player "Chessus" using BFG Splash
At 8:42, the player "Isgalamido" killed the player "Isgalamido" using BFG Splash
At 8:40, the player "Isgalamido" killed the player "Oootsimo" using BFG10k
At 8:50, the player "Isgalamido" killed the player "Zeh" using BFG10k
At 8:55, the player "Oootsimo" killed the player "Isgalamido" using Railgun
At 9:02, the player "Zeh" killed the player "Assasinu Credi" using Railgun
At 9:01, the player "Chessus" died because the environment killed him.
At 9:11, the player "Dono da Bola" died because he was wounded and fell from a height enough to kill him.
At 8:55, the player "Mal" died because the environment killed him.
At 9:08, the player "Assasinu Credi" killed the player "Oootsimo" using Machine Gun
At 9:16, the player "Mal" died because the environment killed him.
At 9:15, the player "Isgalamido" killed the player "Chessus" using Railgun
At 9:13, the player "Assasinu Credi" killed the player "Zeh" using Rocket
At 9:20, the player "Oootsimo" killed the player "Assasinu Credi" using Rocket
At 9:24, the player "Chessus" killed the player "Isgalamido" using Railgun
At 9:23, the player "Isgalamido" killed the player "Oootsimo" using Railgun
At 9:32, the player "Oootsimo" killed the player "Dono da Bola" using Rocket
At 9:25, the player "Zeh" killed the player "Dono da Bola" using Rocket
At 9:36, the player "Assasinu Credi" died because the environment killed him.
At 9:33, the player "Zeh" killed the player "Zeh" using Rocket Splash
At 9:32, the player "Zeh" killed the player "Isgalamido" using Rocket
At 9:46, the player "Oootsimo" killed the player "Dono da Bola" using Rocket
At 9:43, the player "Isgalamido" killed the player "Chessus" using BFG Splash
At 9:45, the player "Mal" died because the environment killed him.
At 9:40, the player "Dono da Bola" killed the player "Oootsimo" using Rocket
At 9:54, the player "Mal" killed the player "Assasinu Credi" using Railgun
At 9:48, the player "Oootsimo" died because the environment killed him.
At 9:52, the player "Oootsimo" died because the environment killed him.
At 9:58, the player "Chessus" killed the player "Isgalamido" using BFG10k
At 10:00, the player "Mal" died because he was wounded and fell from a height enough to kill him.
At 10:03, the player "Assasinu Credi" died because the environment killed him.
At 10:08, the player "Isgalamido" killed the player "Oootsimo" using BFG10k
At 10:07, the player "Zeh" killed the player "Dono da Bola" using Rocket
At 10:08, the player "Assasinu Credi" killed the player "Zeh" using Rocket Splash
At 10:37, the player "Isgalamido" died because the environment killed him.
At 10:39, the player "Dono da Bola" died because the environment killed him.
At 10:38, the player "Oootsimo" killed the player "Assasinu Credi" using Rocket
At 10:55, the player "Oootsimo" killed the player "Oootsimo" using Rocket Splash
At 11:12, the player "Isgalamido" killed the player "Zeh" using Railgun
At 11:00, the player "Zeh" killed the player "Assasinu Credi" using BFG Splash
At 9:49, the player "Isgalamido" killed the player "Zeh" using Rocket
At 11:03, the player "Zeh" killed the player "Dono da Bola" using BFG10k
At 11:28, the player "Isgalamido" killed the player "Zeh" using Rocket
At 11:16, the player "Chessus" killed the player "Dono da Bola" using Railgun
At 11:22, the player "Isgalamido" killed the player "Oootsimo" using Rocket
At 11:19, the player "Mal" died because the environment killed him.
At 11:29, the player "Oootsimo" died because the environment killed him.
At 11:32, the player "Chessus" killed the player "Dono da Bola" using Railgun
At 11:39, the player "Assasinu Credi" killed the player "Assasinu Credi" using Rocket Splash
At 11:40, the player "Isgalamido" killed the player "Oootsimo" using Rocket
At 11:40, the player "Dono da Bola" killed the player "Mal" using Rocket
At 11:42, the player "Zeh" killed the player "Dono da Bola" using Machine Gun
At 11:48, the player "Isgalamido" killed the player "Oootsimo" using BFG Splash
At 11:51, the player "Zeh" killed the player "Isgalamido" using Rocket Splash
At 11:50, the player "Chessus" killed the player "Assasinu Credi" using Rocket
At 11:59, the player "Assasinu Credi" killed the player "Chessus" using Rocket Splash
At 12:01, the player "Zeh" died because the environment killed him.
At 12:01, the player "Assasinu Credi" died because the environment killed him.
At 11:51, the player "Dono da Bola" died because the environment killed him.
At 12:03, the player "Oootsimo" killed the player "Dono da Bola" using Rocket Splash
At 12:13, the player "Dono da Bola" killed the player "Dono da Bola" using Rocket Splash
At 12:09, the player "Mal" died because the environment killed him.
At 12:10, the player "Dono da Bola" killed the player "Chessus" using Rocket Splash
At 12:14, the player "Oootsimo" died because the environment killed him.
At 12:15, the player "Zeh" died because he was wounded and fell from a height enough to kill him.
At 12:25, the player "Assasinu Credi" killed the player "Assasinu Credi" using Rocket Splash
At 12:22, the player "Zeh" killed the player "Isgalamido" using Rocket
At 12:28, the player "Zeh" killed the player "Dono da Bola" using Rocket
At 12:29, the player "Zeh" died because he was wounded and fell from a height enough to kill him.
At 12:34, the player "Isgalamido" killed the player "Chessus" using BFG Splash
At 12:36, the player "Dono da Bola" killed the player "Zeh" using Railgun
At 12:39, the player "Chessus" killed the player "Isgalamido" using Railgun
At 12:46, the player "Oootsimo" killed the player "Dono da Bola" using Rocket
At 12:51, the player "Assasinu Credi" killed the player "Mal" using Railgun
At 12:46, the player "Zeh" died because the environment killed him.
At 12:29, the player "Mal" killed the player "Mal" using Rocket Splash
At 12:54, the player "Chessus" died because the environment killed him.
At 12:58, the player "Dono da Bola" killed the player "Oootsimo" using Railgun
At 12:52, the player "Isgalamido" died because the environment killed him.
At 13:03, the player "Assasinu Credi" died because the environment killed him.
At 13:06, the player "Isgalamido" killed the player "Zeh" using BFG Splash
At 13:09, the player "Dono da Bola" killed the player "Oootsimo" using Rocket
At 13:11, the player "Isgalamido" killed the player "Chessus" using BFG Splash
At 13:13, the player "Isgalamido" died because he was wounded and fell from a height enough to kill him.
At 13:21, the player "Dono da Bola" killed the player "Zeh" using Railgun
At 13:20, the player "Chessus" died because the environment killed him.
At 13:21, the player "Oootsimo" killed the player "Dono da Bola" using Rocket
At 13:10, the player "Mal" died because the environment killed him.
At 13:23, the player "Assasinu Credi" died because the environment killed him.
At 13:30, the player "Isgalamido" died because the environment killed him.
At 13:32, the player "Mal" killed the player "Mal" using Rocket Splash
At 13:32, the player "Mal" killed the player "Assasinu Credi" using Rocket
At 13:38, the player "Isgalamido" killed the player "Zeh" using Machine Gun
At 13:41, the player "Oootsimo" killed the player "Dono da Bola" using Rocket Splash
At 13:43, the player "Oootsimo" killed the player "Assasinu Credi" using Rocket Splash
At 13:36, the player "Dono da Bola" died because he was wounded and fell from a height enough to kill him.
At 13:49, the player "Mal" killed the player "Isgalamido" using Railgun
At 13:44, the player "Isgalamido" killed the player "Chessus" using Railgun
At 13:56, the player "Mal" killed the player "Dono da Bola" using Railgun
At 13:58, the player "Zeh" killed the player "Assasinu Credi" using Rocket
At 14:01, the player "Isgalamido" killed the player "Chessus" using BFG Splash
At 14:02, the player "Mal" killed the player "Mal" using Rocket Splash
At 14:05, the player "Dono da Bola" died because the environment killed him.
At 14:11, the player "Zeh" killed the player "Zeh" using Rocket Splash
At 14:11, the player "Zeh" killed the player "Assasinu Credi" using Rocket Splash
At 14:15, the player "Isgalamido" killed the player "Chessus" using BFG10k
At 14:17, the player "Dono da Bola" died because the environment killed him.
At 13:58, the player "Isgalamido" killed the player "Zeh" using BFG Splash
At 14:11, the player "Isgalamido" killed the player "Mal" using BFG Splash
At 14:19, the player "Chessus" killed the player "Isgalamido" using Railgun
At 14:20, the player "Zeh" killed the player "Assasinu Credi" using Rocket Splash
At 14:31, the player "Isgalamido" killed the player "Zeh" using BFG Splash
At 14:26, the player "Chessus" killed the player "Dono da Bola" using Railgun
At 14:30, the player "Oootsimo" killed the player "Assasinu Credi" using Rocket
At 14:35, the player "Oootsimo" killed the player "Dono da Bola" using Rocket Splash
At 14:38, the player "Oootsimo" killed the player "Isgalamido" using Rocket Splash
At 14:44, the player "Zeh" killed the player "Isgalamido" using BFG10k
At 14:44, the player "Isgalamido" killed the player "Oootsimo" using Machine Gun
At 14:46, the player "Dono da Bola" killed the player "Mal" using Railgun
At 14:45, the player "Zeh" killed the player "Assasinu Credi" using BFG10k
At 14:52, the player "Oootsimo" killed the player "Dono da Bola" using Machine Gun
At 14:54, the player "Assasinu Credi" died because the environment killed him.
At 14:36, the player "Isgalamido" killed the player "Chessus" using BFG10k
At 14:57, the player "Isgalamido" killed the player "Chessus" using BFG Splash
At 15:01, the player "Zeh" died because the environment killed him.
At 14:59, the player "Isgalamido" killed the player "Mal" using BFG10k
At 15:01, the player "Oootsimo" killed the player "Dono da Bola" using Rocket
At 15:01, the player "Oootsimo" died because the environment killed him.
At 15:13, the player "Assasinu Credi" killed the player "Zeh" using Rocket Splash
At 15:11, the player "Assasinu Credi" killed the player "Oootsimo" using Rocket Splash
At 15:13, the player "Chessus" died because the environment killed him.
At 15:13, the player "Dono da Bola" killed the player "Mal" using Railgun
At 15:17, the player "Assasinu Credi" killed the player "Assasinu Credi" using Rocket Splash
At 15:20, the player "Zeh" died because the environment killed him.
At 15:20, the player "Isgalamido" killed the player "Chessus" using Railgun
At 15:22, the player "Mal" died because the environment killed him.
At 15:21, the player "Oootsimo" killed the player "Dono da Bola" using Rocket
At 15:07, the player "Mal" died because the environment killed him.
At 15:31, the player "Assasinu Credi" killed the player "Mal" using Rocket
At 15:34, the player "Isgalamido" killed the player "Zeh" using BFG Splash
At 15:32, the player "Chessus" killed the player "Dono da Bola" using Railgun
At 15:42, the player "Isgalamido" killed the player "Mal" using Rocket
At 15:43, the player "Assasinu Credi" killed the player "Assasinu Credi" using Rocket Splash
At 15:44, the player "Isgalamido" killed the player "Zeh" using Rocket Splash
At 15:53, the player "Dono da Bola" died because the environment killed him.
At 15:51, the player "Isgalamido" killed the player "Oootsimo" using Rocket
At 15:45, the player "Dono da Bola" died because the environment killed him.
At 15:58, the player "Mal" died because the environment killed him.
At 16:00, the player "Isgalamido" killed the player "Chessus" using Rocket
At 16:04, the player "Oootsimo" killed the player "Dono da Bola" using Rocket Splash
At 16:05, the player "Assasinu Credi" killed the player "Zeh" using Rocket
At 16:12, the player "Zeh" killed the player "Isgalamido" using Rocket
At 16:11, the player "Mal" died because the environment killed him.
At 16:15, the player "Assasinu Credi" killed the player "Zeh" using Rocket Splash
At 16:17, the player "Dono da Bola" died because he was wounded and fell from a height enough to kill him.
At 16:19, the player "Chessus" killed the player "Assasinu Credi" using Railgun
At 15:53, the player "Zeh" died because the environment killed him.
At 16:20, the player "Mal" died because the environment killed him.
At 16:22, the player "Chessus" killed the player "Isgalamido" using Railgun
At 16:29, the player "Chessus" killed the player "Dono da Bola" using Railgun
At 16:37, the player "Assasinu Credi" died because the environment killed him.
At 16:25, the player "Zeh" killed the player "Assasinu Credi" using Rocket
At 16:35, the player "Assasinu Credi" killed the player "Mal" using Rocket
At 17:16, the player "Zeh" died because the environment killed him.
At 0:27, the player "Dono da Bola" died because he was wounded and fell from a height enough to kill him.
At 17:28, the player "Zeh" died because the environment killed him.
At 17:48, the player "Zeh" died because the environment killed him.
At 0:32, the player "Zeh" died because the environment killed him.
At 0:33, the player "Assasinu Credi" died because the environment killed him.
At 0:50, the player "Assasinu Credi" died because he was wounded and fell from a height enough to kill him.
At 1:11, the player "Isgalamido" died because he was wounded and fell from a height enough to kill him.
At 1:25, the player "Isgalamido" killed the player "Assasinu Credi" using Railgun
At 1:44, the player "Oootsimo" killed the player "Zeh" using Rocket Splash
At 0:54, the player "Dono da Bola" died because the environment killed him.
At 0:42, the player "Oootsimo" died because the environment killed him.
At 1:28, the player "Zeh" killed the player "Oootsimo" using Railgun
At 1:45, the player "Mal" died because the environment killed him.
At 1:51, the player "Assasinu Credi" died because the environment killed him.
At 1:52, the player "Oootsimo" killed the player "Oootsimo" using Rocket Splash
At 0:16, the player "Isgalamido" killed the player "Mal" using Rocket
At 0:10, the player "Zeh" killed the player "Assasinu Credi" using Rocket Splash
At 0:16, the player "Zeh" killed the player "Isgalamido" using Rocket Splash
At 0:26, the player "Assasinu Credi" killed the player "Oootsimo" using Rocket Splash
At 0:27, the player "Dono da Bola" died because he was wounded and fell from a height enough to kill him.
At 0:28, the player "Mal" died because the environment killed him.
At 0:31, the player "Assasinu Credi" killed the player "Zeh" using Rocket Splash
At 0:52, the player "Mal" died because the environment killed him.
At 0:54, the player "Zeh" killed the player "Dono da Bola" using Rocket
At 0:54, the player "Isgalamido" killed the player "Assasinu Credi" using Rocket
At 1:03, the player "Dono da Bola" died because the environment killed him.
At 0:55, the player "Oootsimo" killed the player "Zeh" using Rocket Splash
At 1:02, the player "Oootsimo" killed the player "Zeh" using Shotgun
At 1:10, the player "Oootsimo" killed the player "Mal" using Shotgun
At 1:13, the player "Isgalamido" killed the player "Oootsimo" using Railgun
At 1:15, the player "Dono da Bola" killed the player "Isgalamido" using Machine Gun
At 1:15, the player "Assasinu Credi" killed the player "Zeh" using Rocket Splash
At 1:16, the player "Assasinu Credi" died because the environment killed him.
At 1:22, the player "Mal" died because the environment killed him.
At 1:29, the player "Isgalamido" died because the environment killed him.
At 1:39, the player "Dono da Bola" killed the player "Oootsimo" using Railgun
At 1:40, the player "Zeh" killed the player "Dono da Bola" using Rocket Splash
At 1:36, the player "Mal" killed the player "Assasinu Credi" using Rocket
At 1:24, the player "Dono da Bola" killed the player "Zeh" using Railgun
At 1:52, the player "Dono da Bola" killed the player "Oootsimo" using Rocket Splash
At 1:50, the player "Isgalamido" killed the player "Zeh" using Railgun
At 2:03, the player "Mal" killed the player "Dono da Bola" using Machine Gun
At 2:10, the player "Oootsimo" killed the player "Mal" using Rocket
At 1:54, the player "Isgalamido" killed the player "Mal" using Railgun
At 2:12, the player "Dono da Bola" killed the player "Assasinu Credi" using Rocket
At 2:14, the player "Zeh" killed the player "Oootsimo" using Rocket Splash
At 2:11, the player "Zeh" killed the player "Isgalamido" using Rocket Splash
At 2:18, the player "Zeh" killed the player "Isgalamido" using Rocket Splash
At 2:23, the player "Zeh" killed the player "Isgalamido" using Machine Gun
At 2:35, the player "Mal" killed the player "Dono da Bola" using Machine Gun
At 2:43, the player "Assasinu Credi" killed the player "Oootsimo" using Rocket
At 2:44, the player "Isgalamido" killed the player "Zeh" using Rocket Splash
At 2:46, the player "Dono da Bola" killed the player "Assasinu Credi" using Rocket
At 2:46, the player "Dono da Bola" killed the player "Dono da Bola" using Rocket Splash
At 2:58, the player "Isgalamido" killed the player "Zeh" using Railgun
At 2:29, the player "Dono da Bola" killed the player "Zeh" using Railgun
At 2:53, the player "Zeh" killed the player "Assasinu Credi" using Rocket
At 2:58, the player "Dono da Bola" killed the player "Oootsimo" using Rocket
At 3:13, the player "Assasinu Credi" died because he was wounded and fell from a height enough to kill him.
At 3:02, the player "Assasinu Credi" killed the player "Mal" using Rocket Splash
At 3:09, the player "Mal" died because the environment killed him.
At 3:15, the player "Mal" killed the player "Isgalamido" using Rocket
At 3:27, the player "Mal" died because the environment killed him.
At 3:18, the player "Oootsimo" killed the player "Mal" using Rocket Splash
At 3:32, the player "Dono da Bola" killed the player "Oootsimo" using Rocket
At 3:23, the player "Zeh" killed the player "Oootsimo" using Railgun
At 3:28, the player "Assasinu Credi" killed the player "Zeh" using Shotgun
At 3:44, the player "Assasinu Credi" killed the player "Oootsimo" using Rocket Splash
At 3:42, the player "Mal" killed the player "Dono da Bola" using Rocket Splash
At 3:47, the player "Assasinu Credi" killed the player "Isgalamido" using Rocket
At 3:43, the player "Assasinu Credi" killed the player "Zeh" using Rocket
At 3:50, the player "Zeh" killed the player "Mal" using Rocket
At 4:03, the player "Zeh" killed the player "Oootsimo" using Shotgun
At 3:53, the player "Zeh" killed the player "Assasinu Credi" using Rocket Splash
At 4:05, the player "Zeh" killed the player "Assasinu Credi" using Shotgun
At 4:05, the player "Assasinu Credi" killed the player "Zeh" using Rocket
At 4:05, the player "Isgalamido" killed the player "Isgalamido" using Rocket Splash
At 4:13, the player "Oootsimo" killed the player "Zeh" using Rocket
At 4:05, the player "Isgalamido" killed the player "Mal" using Rocket
At 4:16, the player "Isgalamido" killed the player "Oootsimo" using Rocket
At 4:10, the player "Zeh" killed the player "Dono da Bola" using Shotgun
At 4:27, the player "Assasinu Credi" died because the environment killed him.
At 4:17, the player "Mal" killed the player "Zeh" using Rocket
At 4:21, the player "Assasinu Credi" killed the player "Mal" using Rocket Splash
At 4:36, the player "Isgalamido" killed the player "Zeh" using Machine Gun
At 4:27, the player "Isgalamido" killed the player "Dono da Bola" using Rocket Splash
At 4:39, the player "Dono da Bola" killed the player "Dono da Bola" using Rocket Splash
At 4:35, the player "Oootsimo" died because the environment killed him.
At 4:39, the player "Dono da Bola" killed the player "Oootsimo" using Rocket
At 4:47, the player "Assasinu Credi" killed the player "Mal" using Rocket Splash
At 4:47, the player "Dono da Bola" killed the player "Assasinu Credi" using Rocket Splash
At 4:51, the player "Dono da Bola" killed the player "Isgalamido" using Rocket
At 4:44, the player "Oootsimo" killed the player "Isgalamido" using Rocket Splash
At 4:56, the player "Mal" killed the player "Assasinu Credi" using Rocket Splash
At 4:49, the player "Isgalamido" killed the player "Zeh" using Rocket
At 4:59, the player "Zeh" killed the player "Mal" using Rocket Splash
At 5:03, the player "Zeh" killed the player "Oootsimo" using Rocket Splash
At 5:08, the player "Isgalamido" killed the player "Zeh" using Railgun
At 5:03, the player "Mal" killed the player "Dono da Bola" using Machine Gun
At 5:11, the player "Assasinu Credi" killed the player "Assasinu Credi" using Rocket Splash
At 5:14, the player "Oootsimo" killed the player "Dono da Bola" using Rocket Splash
At 5:04, the player "Zeh" killed the player "Mal" using Rocket Splash
At 5:18, the player "Zeh" died because the environment killed him.
At 5:22, the player "Dono da Bola" killed the player "Assasinu Credi" using Rocket
At 5:12, the player "Mal" died because the environment killed him.
At 5:28, the player "Oootsimo" killed the player "Mal" using Rocket Splash
At 5:37, the player "Zeh" killed the player "Assasinu Credi" using Rocket Splash
At 5:38, the player "Isgalamido" killed the player "Zeh" using Railgun
At 5:27, the player "Zeh" killed the player "Dono da Bola" using Rocket
At 5:37, the player "Mal" died because the environment killed him.
At 5:45, the player "Assasinu Credi" killed the player "Dono da Bola" using Rocket Splash
At 5:46, the player "Oootsimo" killed the player "Assasinu Credi" using Rocket Splash
At 5:44, the player "Isgalamido" killed the player "Mal" using Rocket
At 5:46, the player "Zeh" killed the player "Isgalamido" using Machine Gun
At 5:54, the player "Zeh" killed the player "Assasinu Credi" using Rocket Splash
At 5:50, the player "Zeh" killed the player "Dono da Bola" using Rocket
At 5:53, the player "Oootsimo" killed the player "Isgalamido" using Rocket
At 6:17, the player "Dono da Bola" killed the player "Zeh" using Rocket Splash
At 6:22, the player "Dono da Bola" killed the player "Dono da Bola" using Rocket Splash
At 6:30, the player "Oootsimo" killed the player "Assasinu Credi" using Rocket
At 6:43, the player "Dono da Bola" killed the player "Isgalamido" using Rocket
At 6:45, the player "Dono da Bola" died because the environment killed him.
At 6:48, the player "Zeh" killed the player "Oootsimo" using Rocket
At 6:59, the player "Isgalamido" killed the player "Zeh" using Railgun
At 6:59, the player "Assasinu Credi" killed the player "Oootsimo" using Rocket Splash
At 7:00, the player "Dono da Bola" killed the player "Assasinu Credi" using Rocket Splash
At 6:57, the player "Mal" died because the environment killed him.
At 7:07, the player "Isgalamido" killed the player "Zeh" using Railgun
At 7:11, the player "Assasinu Credi" killed the player "Dono da Bola" using Rocket
At 7:06, the player "Assasinu Credi" killed the player "Oootsimo" using Machine Gun
At 7:15, the player "Isgalamido" died because the environment killed him.
At 7:12, the player "Assasinu Credi" killed the player "Assasinu Credi" using Rocket Splash
At 7:22, the player "Oootsimo" died because the environment killed him.
At 7:07, the player "Assasinu Credi" killed the player "Mal" using Rocket
At 7:33, the player "Oootsimo" killed the player "Assasinu Credi" using Rocket Splash
At 7:25, the player "Assasinu Credi" died because the environment killed him.
At 7:26, the player "Dono da Bola" killed the player "Mal" using Rocket Splash
At 7:34, the player "Isgalamido" killed the player "Oootsimo" using Rocket Splash
At 7:29, the player "Isgalamido" killed the player "Zeh" using Rocket
At 7:37, the player "Dono da Bola" killed the player "Dono da Bola" using Rocket Splash
At 7:40, the player "Oootsimo" killed the player "Assasinu Credi" using Rocket Splash
At 7:51, the player "Oootsimo" killed the player "Dono da Bola" using Rocket Splash
At 7:52, the player "Mal" died because the environment killed him.
At 7:54, the player "Assasinu Credi" killed the player "Oootsimo" using Rocket Splash
At 7:44, the player "Assasinu Credi" killed the player "Mal" using Rocket Splash
At 8:01, the player "Dono da Bola" killed the player "Isgalamido" using Rocket
At 7:57, the player "Mal" killed the player "Zeh" using Rocket Splash
At 8:05, the player "Dono da Bola" killed the player "Assasinu Credi" using Rocket
At 8:11, the player "Dono da Bola" killed the player "Assasinu Credi" using Rocket Splash
At 8:12, the player "Isgalamido" killed the player "Dono da Bola" using Rocket Splash
At 8:21, the player "Oootsimo" killed the player "Mal" using Rocket Splash
At 8:17, the player "Zeh" killed the player "Assasinu Credi" using Railgun
At 8:24, the player "Oootsimo" killed the player "Oootsimo" using Rocket Splash
At 8:24, the player "Oootsimo" killed the player "Dono da Bola" using Rocket Splash
At 8:35, the player "Assasinu Credi" killed the player "Assasinu Credi" using Rocket Splash
At 8:37, the player "Zeh" killed the player "Mal" using Railgun
At 8:30, the player "Assasinu Credi" died because the environment killed him.
At 8:42, the player "Oootsimo" killed the player "Isgalamido" using Rocket Splash
At 8:37, the player "Oootsimo" killed the player "Dono da Bola" using Rocket
At 8:03, the player "Mal" died because the environment killed him.
At 8:47, the player "Assasinu Credi" killed the player "Mal" using Rocket
At 8:49, the player "Oootsimo" killed the player "Assasinu Credi" using Rocket
At 9:03, the player "Oootsimo" killed the player "Zeh" using Rocket
At 8:54, the player "Dono da Bola" killed the player "Mal" using Rocket Splash
At 8:56, the player "Zeh" killed the player "Dono da Bola" using Railgun
At 9:03, the player "Isgalamido" killed the player "Oootsimo" using Railgun
At 9:16, the player "Oootsimo" died because the environment killed him.
At 9:10, the player "Isgalamido" killed the player "Dono da Bola" using Railgun
At 9:11, the player "Assasinu Credi" killed the player "Assasinu Credi" using Rocket Splash
At 9:22, the player "Mal" died because the environment killed him.
At 9:20, the player "Zeh" killed the player "Isgalamido" using Rocket Splash
At 9:22, the player "Assasinu Credi" died because the environment killed him.
At 9:26, the player "Zeh" killed the player "Assasinu Credi" using Rocket Splash
At 9:14, the player "Mal" died because the environment killed him.
At 9:33, the player "Zeh" killed the player "Mal" using Machine Gun
At 9:37, the player "Isgalamido" killed the player "Zeh" using Rocket Splash
At 9:49, the player "Mal" killed the player "Isgalamido" using Rocket Splash
At 9:46, the player "Mal" killed the player "Dono da Bola" using Rocket Splash
At 9:52, the player "Assasinu Credi" killed the player "Mal" using Rocket Splash
At 9:59, the player "Dono da Bola" killed the player "Isgalamido" using Machine Gun
At 10:03, the player "Zeh" killed the player "Assasinu Credi" using Rocket Splash
At 9:46, the player "Mal" killed the player "Oootsimo" using Rocket Splash
At 9:55, the player "Mal" killed the player "Zeh" using Machine Gun
At 10:05, the player "Zeh" killed the player "Oootsimo" using Rocket
At 10:09, the player "Assasinu Credi" killed the player "Zeh" using Rocket
At 10:20, the player "Assasinu Credi" killed the player "Mal" using Rocket Splash
At 10:30, the player "Oootsimo" killed the player "Dono da Bola" using Rocket Splash
At 10:21, the player "Oootsimo" killed the player "Assasinu Credi" using Rocket
At 10:27, the player "Oootsimo" killed the player "Zeh" using Rocket Splash
At 10:39, the player "Isgalamido" killed the player "Mal" using Rocket Splash
At 10:32, the player "Mal" killed the player "Assasinu Credi" using Rocket Splash
At 10:47, the player "Isgalamido" killed the player "Assasinu Credi" using Rocket Splash
At 10:48, the player "Mal" killed the player "Dono da Bola" using Railgun
At 10:44, the player "Oootsimo" killed the player "Zeh" using Rocket
At 10:50, the player "Zeh" killed the player "Isgalamido" using Shotgun
At 10:59, the player "Isgalamido" killed the player "Zeh" using Rocket Splash
At 11:00, the player "Isgalamido" killed the player "Assasinu Credi" using Rocket
At 11:07, the player "Mal" killed the player "Assasinu Credi" using Rocket Splash
At 11:06, the player "Mal" killed the player "Isgalamido" using Rocket Splash
At 11:10, the player "Oootsimo" killed the player "Zeh" using Rocket Splash
At 11:10, the player "Zeh" killed the player "Mal" using Rocket Splash
At 11:17, the player "Assasinu Credi" killed the player "Isgalamido" using Rocket
At 10:58, the player "Zeh" killed the player "Mal" using Shotgun
At 11:12, the player "Isgalamido" killed the player "Assasinu Credi" using Rocket
At 11:28, the player "Isgalamido" died because he was wounded and fell from a height enough to kill him.
At 11:23, the player "Isgalamido" killed the player "Assasinu Credi" using Rocket
At 11:32, the player "Assasinu Credi" killed the player "Mal" using Shotgun
At 11:38, the player "Zeh" died because the environment killed him.
At 11:40, the player "Isgalamido" killed the player "Assasinu Credi" using Rocket Splash
At 11:40, the player "Assasinu Credi" killed the player "Isgalamido" using Rocket
At 11:41, the player "Oootsimo" killed the player "Dono da Bola" using Rocket Splash
At 11:19, the player "Zeh" killed the player "Mal" using Shotgun
At 11:44, the player "Oootsimo" killed the player "Mal" using Rocket Splash
At 11:48, the player "Zeh" killed the player "Dono da Bola" using Rocket Splash
At 11:53, the player "Assasinu Credi" killed the player "Mal" using Rocket Splash
At 11:44, the player "Mal" killed the player "Oootsimo" using Rocket Splash
At 12:06, the player "Zeh" killed the player "Mal" using Rocket Splash
At 11:59, the player "Dono da Bola" killed the player "Oootsimo" using Rocket Splash
At 12:04, the player "Dono da Bola" killed the player "Dono da Bola" using Rocket Splash
At 12:04, the player "Mal" killed the player "Isgalamido" using Rocket Splash
At 12:12, the player "Assasinu Credi" killed the player "Zeh" using Rocket
At 12:13, the player "Isgalamido" killed the player "Oootsimo" using Rocket Splash
At 12:21, the player "Zeh" killed the player "Isgalamido" using Rocket Splash
At 12:08, the player "Oootsimo" killed the player "Isgalamido" using Rocket
At 12:19, the player "Mal" killed the player "Assasinu Credi" using Rocket Splash
At 12:37, the player "Dono da Bola" killed the player "Assasinu Credi" using Rocket Splash
At 12:41, the player "Zeh" died because he was wounded and fell from a height enough to kill him.
At 12:25, the player "Dono da Bola" killed the player "Oootsimo" using Railgun
At 12:44, the player "Dono da Bola" killed the player "Mal" using Rocket
At 12:45, the player "Oootsimo" killed the player "Assasinu Credi" using Rocket
At 12:49, the player "Dono da Bola" died because he was wounded and fell from a height enough to kill him.
At 12:48, the player "Oootsimo" killed the player "Isgalamido" using Rocket
At 12:52, the player "Assasinu Credi" killed the player "Oootsimo" using Rocket Splash
At 12:57, the player "Assasinu Credi" killed the player "Isgalamido" using Rocket Splash
At 13:01, the player "Oootsimo" killed the player "Dono da Bola" using Rocket
At 13:00, the player "Assasinu Credi" killed the player "Mal" using Rocket
At 12:49, the player "Dono da Bola" killed the player "Mal" using Rocket
At 13:02, the player "Zeh" killed the player "Assasinu Credi" using Rocket
At 13:10, the player "Isgalamido" killed the player "Assasinu Credi" using Rocket
At 13:08, the player "Isgalamido" killed the player "Mal" using Rocket
At 13:26, the player "Assasinu Credi" killed the player "Oootsimo" using Rocket
At 13:27, the player "Zeh" killed the player "Isgalamido" using Rocket Splash
At 13:27, the player "Zeh" killed the player "Assasinu Credi" using Rocket Splash
At 13:37, the player "Oootsimo" killed the player "Dono da Bola" using Rocket Splash
At 13:45, the player "Mal" died because the environment killed him.
At 13:22, the player "Oootsimo" killed the player "Mal" using Rocket
At 13:43, the player "Isgalamido" killed the player "Assasinu Credi" using Rocket
At 13:46, the player "Dono da Bola" killed the player "Oootsimo" using Rocket Splash
At 13:46, the player "Zeh" killed the player "Isgalamido" using Rocket
At 13:52, the player "Zeh" killed the player "Mal" using Rocket
At 13:55, the player "Oootsimo" killed the player "Dono da Bola" using Rocket
